TN:
SF:src/app.js
FN:29,get
FN:16,middlewares
FN:23,routes
FN:10,App
FNF:4
FNH:4
FNDA:1,get
FNDA:1,middlewares
FNDA:1,routes
FNDA:1,App
DA:1,1
DA:2,1
DA:3,1
DA:4,1
DA:5,1
DA:6,1
DA:7,1
DA:8,1
DA:9,1
DA:10,1
DA:11,1
DA:12,1
DA:13,1
DA:14,1
DA:15,1
DA:16,1
DA:17,1
DA:18,1
DA:19,1
DA:20,1
DA:21,1
DA:22,1
DA:23,1
DA:24,1
DA:25,1
DA:26,1
DA:27,1
DA:28,1
DA:29,1
LF:29
LH:29
BRDA:29,0,0,1
BRDA:16,1,0,1
BRDA:23,2,0,1
BRDA:10,3,0,1
BRF:4
BRH:4
end_of_record
TN:
SF:src/config/regionsTax.js
FN:1,get
FNF:1
FNH:1
FNDA:2,get
DA:1,1
DA:2,1
DA:3,1
DA:4,1
DA:5,1
DA:6,1
DA:7,1
LF:7
LH:7
BRDA:1,0,0,2
BRF:1
BRH:1
end_of_record
TN:
SF:src/config/urls.js
FN:1,get
FNF:1
FNH:1
FNDA:4,get
DA:1,1
DA:2,1
DA:3,1
DA:4,1
LF:4
LH:4
BRDA:1,0,0,4
BRF:1
BRH:1
end_of_record
TN:
SF:src/controllers/QueryCepController.js
FN:39,get
FN:6,query
FNF:2
FNH:2
FNDA:1,get
FNDA:1,query
DA:1,1
DA:2,1
DA:3,1
DA:4,1
DA:5,1
DA:6,1
DA:7,1
DA:8,1
DA:9,1
DA:10,1
DA:11,1
DA:12,0
DA:13,0
DA:14,0
DA:15,0
DA:16,1
DA:17,1
DA:18,0
DA:19,0
DA:20,0
DA:21,0
DA:22,1
DA:23,1
DA:24,1
DA:25,1
DA:26,1
DA:27,1
DA:28,1
DA:29,1
DA:30,1
DA:31,1
DA:32,1
DA:33,1
DA:34,1
DA:35,1
DA:36,1
DA:37,1
DA:38,1
DA:39,1
LF:39
LH:31
BRDA:39,0,0,1
BRDA:6,1,0,1
BRDA:11,2,0,0
BRDA:17,3,0,0
BRDA:32,4,0,0
BRF:5
BRH:2
end_of_record
TN:
SF:src/middlewares/isValidCep.js
FN:1,get
FN:1,_default
FNF:2
FNH:2
FNDA:1,get
FNDA:1,_default
DA:1,1
DA:2,1
DA:3,1
DA:4,1
DA:5,1
DA:6,1
DA:7,1
DA:8,1
DA:9,1
DA:10,0
DA:11,0
DA:12,0
DA:13,0
DA:14,1
DA:15,1
DA:16,1
DA:17,1
LF:17
LH:13
BRDA:1,0,0,1
BRDA:1,1,0,1
BRDA:9,2,0,0
BRF:3
BRH:2
end_of_record
TN:
SF:src/routes/queryCepRoutes.js
FN:9,get
FNF:1
FNH:1
FNDA:1,get
DA:1,1
DA:2,1
DA:3,1
DA:4,1
DA:5,1
DA:6,1
DA:7,1
DA:8,1
DA:9,1
LF:9
LH:9
BRDA:9,0,0,1
BRF:1
BRH:1
end_of_record
TN:
SF:src/routes/swaggerRoutes.js
FN:9,get
FNF:1
FNH:1
FNDA:1,get
DA:1,1
DA:2,1
DA:3,1
DA:4,1
DA:5,1
DA:6,1
DA:7,1
DA:8,1
DA:9,1
LF:9
LH:9
BRDA:9,0,0,1
BRF:1
BRH:1
end_of_record
TN:
SF:src/utils/axiosData.js
FN:3,get
FN:3,axiosData
FNF:2
FNH:2
FNDA:4,get
FNDA:4,axiosData
DA:1,1
DA:2,1
DA:3,1
DA:4,4
DA:5,4
DA:6,4
DA:7,4
DA:8,0
DA:9,0
DA:10,4
LF:10
LH:8
BRDA:3,0,0,4
BRDA:3,1,0,4
BRDA:7,2,0,0
BRF:3
BRH:2
end_of_record
TN:
SF:src/utils/calculateShippingTax.js
FN:5,get
FN:5,calculateShippingTax
FNF:2
FNH:2
FNDA:2,get
FNDA:2,calculateShippingTax
DA:1,1
DA:2,1
DA:3,1
DA:4,1
DA:5,1
DA:6,2
DA:7,2
DA:8,2
DA:9,2
DA:10,2
DA:11,2
DA:12,2
DA:13,1
DA:14,1
DA:15,1
DA:16,1
DA:17,1
DA:18,0
DA:19,0
DA:20,0
DA:21,1
DA:22,1
DA:23,1
DA:24,1
DA:25,1
DA:26,0
DA:27,0
DA:28,0
DA:29,0
DA:30,0
DA:31,0
DA:32,0
DA:33,0
DA:34,0
DA:35,0
DA:36,2
DA:37,0
DA:38,0
DA:39,0
DA:40,0
DA:41,0
LF:41
LH:23
BRDA:5,0,0,2
BRDA:5,1,0,2
BRDA:12,2,0,1
BRDA:17,3,0,0
BRDA:26,4,0,0
BRDA:36,5,0,0
BRF:6
BRH:3
end_of_record
